<?xml version="1.0" encoding="UTF-8"?>
<robot generator="Robot 7.2 (Python 3.13.1 on win32)" generated="2025-02-19T09:39:14.319822" rpa="false" schemaversion="5">
<suite id="s1" name="Test cadastro cliente" source="C:\Users\sirleia.marciniak\Documents\pessoal\workflow\Tests\Suites\Test_cadastro_cliente.robot">
<test id="s1-t1" name="Cenário de teste 01: Validando Home Page" line="12">
<kw name="Abrir navegador" owner="Hooks" type="SETUP">
<kw name="Open Browser" owner="SeleniumLibrary">
<msg time="2025-02-19T09:39:14.607709" level="INFO">Opening browser 'chrome' to base url 'https://automationpratice.com.br/'.</msg>
<arg>${URL}</arg>
<arg>${BROWSER}</arg>
<doc>Opens a new browser instance to the optional ``url``.</doc>
<status status="PASS" start="2025-02-19T09:39:14.607481" elapsed="2.279554"/>
</kw>
<status status="PASS" start="2025-02-19T09:39:14.606888" elapsed="2.280534"/>
</kw>
<kw name="Deve conter o title title do site Site" owner="Page_cadastro_cliente">
<kw name="Title Should Be" owner="SeleniumLibrary">
<msg time="2025-02-19T09:39:16.894744" level="INFO">Page title is 'QAZANDO Shop E-Commerce'.</msg>
<arg>QAZANDO Shop E-Commerce</arg>
<doc>Verifies that the current page title equals ``title``.</doc>
<status status="PASS" start="2025-02-19T09:39:16.888559" elapsed="0.006288"/>
</kw>
<kw name="Sleep" owner="BuiltIn">
<msg time="2025-02-19T09:39:19.895403" level="INFO">Slept 3 seconds.</msg>
<arg>3s</arg>
<doc>Pauses the test executed for the given time.</doc>
<status status="PASS" start="2025-02-19T09:39:16.894986" elapsed="3.000742"/>
</kw>
<status status="PASS" start="2025-02-19T09:39:16.888056" elapsed="3.008058"/>
</kw>
<kw name="Fechar navegador" owner="Hooks" type="TEARDOWN">
<kw name="Close Browser" owner="SeleniumLibrary">
<doc>Closes the current browser.</doc>
<status status="PASS" start="2025-02-19T09:39:19.899390" elapsed="2.265645"/>
</kw>
<status status="PASS" start="2025-02-19T09:39:19.898240" elapsed="2.267469"/>
</kw>
<tag>Validar_title_da_page</tag>
<status status="PASS" start="2025-02-19T09:39:14.606106" elapsed="7.560511"/>
</test>
<test id="s1-t2" name="Cenário de teste 02: Cadastrando usuário com dados validos" line="16">
<kw name="Abrir navegador" owner="Hooks" type="SETUP">
<kw name="Open Browser" owner="SeleniumLibrary">
<msg time="2025-02-19T09:39:22.174401" level="INFO">Opening browser 'chrome' to base url 'https://automationpratice.com.br/'.</msg>
<arg>${URL}</arg>
<arg>${BROWSER}</arg>
<doc>Opens a new browser instance to the optional ``url``.</doc>
<status status="PASS" start="2025-02-19T09:39:22.173504" elapsed="2.873288"/>
</kw>
<status status="PASS" start="2025-02-19T09:39:22.172314" elapsed="2.875446"/>
</kw>
<kw name="Deve conter o title title do site Site" owner="Page_cadastro_cliente">
<kw name="Title Should Be" owner="SeleniumLibrary">
<msg time="2025-02-19T09:39:25.057250" level="INFO">Page title is 'QAZANDO Shop E-Commerce'.</msg>
<arg>QAZANDO Shop E-Commerce</arg>
<doc>Verifies that the current page title equals ``title``.</doc>
<status status="PASS" start="2025-02-19T09:39:25.050494" elapsed="0.006962"/>
</kw>
<kw name="Sleep" owner="BuiltIn">
<msg time="2025-02-19T09:39:28.058502" level="INFO">Slept 3 seconds.</msg>
<arg>3s</arg>
<doc>Pauses the test executed for the given time.</doc>
<status status="PASS" start="2025-02-19T09:39:25.057706" elapsed="3.000913"/>
</kw>
<status status="PASS" start="2025-02-19T09:39:25.049614" elapsed="3.009103"/>
</kw>
<kw name="Aguardar o elemento de texto clicavel esteja visível" owner="Page_cadastro_cliente">
<kw name="Wait Until Element Is Visible" owner="SeleniumLibrary">
<arg>xpath=//*[@id="top_header"]/div/div/div[2]/div/ul/li[2]/a</arg>
<arg>10s</arg>
<doc>Waits until the element ``locator`` is visible.</doc>
<status status="PASS" start="2025-02-19T09:39:28.059311" elapsed="0.028423"/>
</kw>
<status status="PASS" start="2025-02-19T09:39:28.059062" elapsed="0.028779"/>
</kw>
<kw name="Deve poder clicar no texto clicavel {cadastro}" owner="Page_cadastro_cliente">
<kw name="Click Element" owner="SeleniumLibrary">
<msg time="2025-02-19T09:39:28.088585" level="INFO">Clicking element 'xpath=//*[@id="top_header"]/div/div/div[2]/div/ul/li[2]/a'.</msg>
<arg>xpath=//*[@id="top_header"]/div/div/div[2]/div/ul/li[2]/a</arg>
<doc>Click the element identified by ``locator``.</doc>
<status status="PASS" start="2025-02-19T09:39:28.088405" elapsed="0.089384"/>
</kw>
<kw name="Sleep" owner="BuiltIn">
<msg time="2025-02-19T09:39:31.178927" level="INFO">Slept 3 seconds.</msg>
<arg>3s</arg>
<doc>Pauses the test executed for the given time.</doc>
<status status="PASS" start="2025-02-19T09:39:28.178087" elapsed="3.001204"/>
</kw>
<status status="PASS" start="2025-02-19T09:39:28.088123" elapsed="3.091573"/>
</kw>
<kw name="Validando se a tela é a correta Titulo da tela cadastro_de_usuario" owner="Page_cadastro_cliente">
<kw name="Wait Until Element Contains" owner="SeleniumLibrary">
<arg>xpath=//*[@id="login_area"]/div/div/div/div/h3</arg>
<arg>Cadastro de usuário</arg>
<doc>Waits until the element ``locator`` contains ``text``.</doc>
<status status="PASS" start="2025-02-19T09:39:31.182588" elapsed="0.051616"/>
</kw>
<status status="PASS" start="2025-02-19T09:39:31.181126" elapsed="0.053189"/>
</kw>
<kw name="Aguardar o elemento do campo Nome ficar visível" owner="Page_cadastro_cliente">
<kw name="Wait Until Element Is Visible" owner="SeleniumLibrary">
<arg>xpath=//*[@id="user"]</arg>
<arg>10s</arg>
<doc>Waits until the element ``locator`` is visible.</doc>
<status status="PASS" start="2025-02-19T09:39:31.234972" elapsed="0.034051"/>
</kw>
<status status="PASS" start="2025-02-19T09:39:31.234651" elapsed="0.034472"/>
</kw>
<kw name="Deve poder digitar no campo Nome" owner="Page_cadastro_cliente">
<kw name="Input Text" owner="SeleniumLibrary">
<msg time="2025-02-19T09:39:31.269860" level="INFO">Typing text 'Automação' into text field 'xpath=//*[@id="user"]'.</msg>
<arg>xpath=//*[@id="user"]</arg>
<arg>Automação</arg>
<doc>Types the given ``text`` into the text field identified by ``locator``.</doc>
<status status="PASS" start="2025-02-19T09:39:31.269702" elapsed="0.096165"/>
</kw>
<kw name="Sleep" owner="BuiltIn">
<msg time="2025-02-19T09:39:34.366962" level="INFO">Slept 3 seconds.</msg>
<arg>3s</arg>
<doc>Pauses the test executed for the given time.</doc>
<status status="PASS" start="2025-02-19T09:39:31.366131" elapsed="3.001014"/>
</kw>
<status status="PASS" start="2025-02-19T09:39:31.269422" elapsed="3.097914"/>
</kw>
<kw name="Fechar navegador" owner="Hooks" type="TEARDOWN">
<kw name="Close Browser" owner="SeleniumLibrary">
<doc>Closes the current browser.</doc>
<status status="PASS" start="2025-02-19T09:39:34.368762" elapsed="2.345971"/>
</kw>
<status status="PASS" start="2025-02-19T09:39:34.368220" elapsed="2.347083"/>
</kw>
<tag>Cadastro_usuario_dados_validos</tag>
<status status="PASS" start="2025-02-19T09:39:22.170279" elapsed="14.545852"/>
</test>
<doc>Aqui ficarão os steps da aplicação</doc>
<status status="PASS" start="2025-02-19T09:39:14.321315" elapsed="22.399038"/>
</suite>
<statistics>
<total>
<stat pass="2" fail="0" skip="0">All Tests</stat>
</total>
<tag>
<stat pass="1" fail="0" skip="0">Cadastro_usuario_dados_validos</stat>
<stat pass="1" fail="0" skip="0">Validar_title_da_page</stat>
</tag>
<suite>
<stat name="Test cadastro cliente" id="s1" pass="2" fail="0" skip="0">Test cadastro cliente</stat>
</suite>
</statistics>
<errors>
</errors>
</robot>
